<?xml version="1.0" encoding="UTF-8"?>
<!-- Generated by org.testng.reporters.JUnitReportReporter -->
<testsuite hostname="Ankit" failures="0" tests="1" name="com.Tests.LogInTest" time="11.276" errors="0" timestamp="2023-03-18T14:17:15 IST" skipped="0">
  <testcase classname="com.Tests.LogInTest" name="logInTest" time="11.276"/>
  <system-out/>
</testsuite> <!-- com.Tests.LogInTest -->
