<?xml version="1.0" encoding="UTF-8"?>
<!-- Generated by org.testng.reporters.JUnitReportReporter -->
<testsuite hostname="Ankit" failures="0" tests="1" name="com.BasePage.BaseClass" time="0.005" errors="0" timestamp="2023-03-12T00:57:20 IST" skipped="0">
  <testcase classname="com.BasePage.BaseClass" name="run" time="0.005"/>
  <system-out/>
</testsuite> <!-- com.BasePage.BaseClass -->
